android/app/build/intermediates/manifest_merge_blame_file/debug/manifest-merger-blame-debug-report.txt
1<?xml version="1.0" encoding="utf-8"?>
2<manifest xmlns:android="http://schemas.android.com/apk/res/android"
3    package="com.safely"
4    android:versionCode="1"
5    android:versionName="1.0" >
6
7    <uses-sdk
8        android:minSdkVersion="21"
9        android:targetSdkVersion="30" />
10
11    <uses-permission android:name="android.permission.SYSTEM_ALERT_WINDOW" />
11-->src/main/AndroidManifest.xml:5:3-75
11-->src/main/AndroidManifest.xml:5:20-73
12    <uses-permission android:name="android.permission.INTERNET" />
12-->src/main/AndroidManifest.xml:3:3-64
12-->src/main/AndroidManifest.xml:3:20-62
13    <uses-permission android:name="android.permission.VIBRATE" /> <!-- These require runtime permissions on M -->
13-->src/main/AndroidManifest.xml:6:3-63
13-->src/main/AndroidManifest.xml:6:20-61
14    <uses-permission android:name="android.permission.READ_EXTERNAL_STORAGE" />
14-->src/main/AndroidManifest.xml:8:3-77
14-->src/main/AndroidManifest.xml:8:20-75
15    <uses-permission android:name="android.permission.WRITE_EXTERNAL_STORAGE" />
15-->src/main/AndroidManifest.xml:9:3-78
15-->src/main/AndroidManifest.xml:9:20-76
16    <uses-permission android:name="android.permission.ACCESS_WIFI_STATE" />
16-->[com.facebook.flipper:flipper:0.54.0] AndroidManifest.xml:16:5-76
16-->[com.facebook.flipper:flipper:0.54.0] AndroidManifest.xml:16:22-73
17    <uses-permission android:name="android.permission.ACCESS_NETWORK_STATE" />
17-->[:expo-updates] AndroidManifest.xml:11:5-79
17-->[:expo-updates] AndroidManifest.xml:11:22-76
18
19    <queries>
19-->[:expo-file-system] AndroidManifest.xml:16:5-22:15
20
21        <!-- Query open documents -->
22        <intent>
22-->[:expo-file-system] AndroidManifest.xml:19:9-21:18
23            <action android:name="android.intent.action.OPEN_DOCUMENT_TREE" />
23-->[:expo-file-system] AndroidManifest.xml:20:13-79
23-->[:expo-file-system] AndroidManifest.xml:20:21-76
24        </intent>
25    </queries>
26
27    <uses-permission android:name="com.google.android.finsky.permission.BIND_GET_INSTALL_REFERRER_SERVICE" />
27-->[com.android.installreferrer:installreferrer:1.0] AndroidManifest.xml:9:5-110
27-->[com.android.installreferrer:installreferrer:1.0] AndroidManifest.xml:9:22-107
28
29    <application
29-->src/main/AndroidManifest.xml:11:3-36:17
30        android:name="com.safely.MainApplication"
30-->src/main/AndroidManifest.xml:12:5-36
31        android:allowBackup="false"
31-->src/main/AndroidManifest.xml:16:5-32
32        android:appComponentFactory="androidx.core.app.CoreComponentFactory"
32-->[androidx.core:core:1.3.0] AndroidManifest.xml:24:18-86
33        android:debuggable="true"
34        android:icon="@mipmap/ic_launcher"
34-->src/main/AndroidManifest.xml:14:5-39
35        android:label="@string/app_name"
35-->src/main/AndroidManifest.xml:13:5-37
36        android:roundIcon="@mipmap/ic_launcher_round"
36-->src/main/AndroidManifest.xml:15:5-50
37        android:theme="@style/AppTheme"
37-->src/main/AndroidManifest.xml:17:5-36
38        android:usesCleartextTraffic="true" >
38-->src/main/AndroidManifest.xml:18:5-40
39        <meta-data
39-->src/main/AndroidManifest.xml:20:5-103
40            android:name="expo.modules.updates.EXPO_UPDATE_URL"
40-->src/main/AndroidManifest.xml:20:16-67
41            android:value="YOUR-APP-URL-HERE" />
41-->src/main/AndroidManifest.xml:20:68-101
42        <meta-data
42-->src/main/AndroidManifest.xml:21:5-112
43            android:name="expo.modules.updates.EXPO_SDK_VERSION"
43-->src/main/AndroidManifest.xml:21:16-68
44            android:value="YOUR-APP-SDK-VERSION-HERE" />
44-->src/main/AndroidManifest.xml:21:69-110
45
46        <activity
46-->src/main/AndroidManifest.xml:22:5-34:16
47            android:name="com.safely.MainActivity"
47-->src/main/AndroidManifest.xml:23:7-35
48            android:configChanges="keyboard|keyboardHidden|orientation|screenSize|uiMode"
48-->src/main/AndroidManifest.xml:25:7-84
49            android:label="@string/app_name"
49-->src/main/AndroidManifest.xml:24:7-39
50            android:launchMode="singleTask"
50-->src/main/AndroidManifest.xml:26:7-38
51            android:theme="@style/Theme.App.SplashScreen"
51-->src/main/AndroidManifest.xml:28:7-52
52            android:windowSoftInputMode="adjustResize" >
52-->src/main/AndroidManifest.xml:27:7-49
53            <intent-filter>
53-->src/main/AndroidManifest.xml:30:7-33:23
54                <action android:name="android.intent.action.MAIN" />
54-->src/main/AndroidManifest.xml:31:9-60
54-->src/main/AndroidManifest.xml:31:17-58
55
56                <category android:name="android.intent.category.LAUNCHER" />
56-->src/main/AndroidManifest.xml:32:9-68
56-->src/main/AndroidManifest.xml:32:19-66
57            </intent-filter>
58        </activity>
59        <activity android:name="com.facebook.react.devsupport.DevSettingsActivity" />
59-->src/main/AndroidManifest.xml:35:5-81
59-->src/main/AndroidManifest.xml:35:15-79
60
61        <meta-data
61-->[:unimodules-react-native-adapter] AndroidManifest.xml:12:9-14:91
62            android:name="org.unimodules.core.AppLoader#react-native-headless"
62-->[:unimodules-react-native-adapter] AndroidManifest.xml:13:13-79
63            android:value="org.unimodules.adapters.react.apploader.RNHeadlessAppLoader" />
63-->[:unimodules-react-native-adapter] AndroidManifest.xml:14:13-88
64
65        <provider
65-->[:expo-file-system] AndroidManifest.xml:25:9-34:20
66            android:name="expo.modules.filesystem.FileSystemFileProvider"
66-->[:expo-file-system] AndroidManifest.xml:26:13-74
67            android:authorities="com.safely.FileSystemFileProvider"
67-->[:expo-file-system] AndroidManifest.xml:27:13-74
68            android:exported="false"
68-->[:expo-file-system] AndroidManifest.xml:28:13-37
69            android:grantUriPermissions="true" >
69-->[:expo-file-system] AndroidManifest.xml:29:13-47
70            <meta-data
70-->[:expo-file-system] AndroidManifest.xml:31:13-33:70
71                android:name="android.support.FILE_PROVIDER_PATHS"
71-->[:expo-file-system] AndroidManifest.xml:32:17-67
72                android:resource="@xml/file_system_provider_paths" />
72-->[:expo-file-system] AndroidManifest.xml:33:17-67
73        </provider>
74
75        <service
75-->[androidx.room:room-runtime:2.1.0] AndroidManifest.xml:25:9-27:40
76            android:name="androidx.room.MultiInstanceInvalidationService"
76-->[androidx.room:room-runtime:2.1.0] AndroidManifest.xml:26:13-74
77            android:exported="false" />
77-->[androidx.room:room-runtime:2.1.0] AndroidManifest.xml:27:13-37
78    </application>
79
80</manifest>